mode: set
mc/router/transform.go:25.39,26.25 1 1
mc/router/transform.go:46.2,46.35 1 0
mc/router/transform.go:26.25,29.3 2 1
mc/router/transform.go:29.8,29.30 1 1
mc/router/transform.go:29.30,31.30 2 1
mc/router/transform.go:34.3,34.42 1 1
mc/router/transform.go:31.30,33.4 1 1
mc/router/transform.go:35.8,35.33 1 1
mc/router/transform.go:35.33,37.3 1 1
mc/router/transform.go:37.8,37.35 1 1
mc/router/transform.go:37.35,39.30 2 1
mc/router/transform.go:42.3,42.74 1 1
mc/router/transform.go:39.30,41.4 1 1
mc/router/transform.go:43.8,43.38 1 1
mc/router/transform.go:43.38,45.3 1 1
mc/router/transform.go:49.66,51.24 2 1
mc/router/transform.go:54.2,55.16 2 1
mc/router/transform.go:58.2,58.26 1 1
mc/router/transform.go:61.2,62.25 2 1
mc/router/transform.go:51.24,53.3 1 0
mc/router/transform.go:55.16,57.3 1 1
mc/router/transform.go:58.26,60.3 1 0
mc/router/transform.go:65.65,68.29 3 1
mc/router/transform.go:75.2,75.18 1 1
mc/router/transform.go:68.29,71.17 3 1
mc/router/transform.go:71.17,73.4 1 1
mc/router/transform.go:78.70,81.16 3 1
mc/router/transform.go:84.2,84.25 1 1
mc/router/transform.go:81.16,83.3 1 0
mc/router/transform.go:89.58,91.25 2 1
mc/router/transform.go:123.2,123.53 1 0
mc/router/transform.go:91.25,93.17 2 1
mc/router/transform.go:96.3,96.14 1 1
mc/router/transform.go:99.3,99.18 1 1
mc/router/transform.go:93.17,95.4 1 1
mc/router/transform.go:96.14,98.4 1 1
mc/router/transform.go:100.8,100.30 1 1
mc/router/transform.go:100.30,102.3 1 1
mc/router/transform.go:102.8,102.33 1 1
mc/router/transform.go:102.33,104.3 1 1
mc/router/transform.go:104.8,104.35 1 1
mc/router/transform.go:104.35,106.17 2 1
mc/router/transform.go:109.3,109.14 1 1
mc/router/transform.go:112.3,112.19 1 0
mc/router/transform.go:106.17,108.4 1 0
mc/router/transform.go:109.14,111.4 1 1
mc/router/transform.go:113.8,113.38 1 1
mc/router/transform.go:113.38,115.17 2 1
mc/router/transform.go:118.3,118.14 1 1
mc/router/transform.go:121.3,121.19 1 1
mc/router/transform.go:115.17,117.4 1 0
mc/router/transform.go:118.14,120.4 1 1
mc/router/value.go:34.43,35.23 1 1
mc/router/value.go:56.2,56.16 1 0
mc/router/value.go:35.23,37.34 2 1
mc/router/value.go:40.3,40.13 1 1
mc/router/value.go:37.34,39.4 1 1
mc/router/value.go:41.8,41.31 1 1
mc/router/value.go:41.31,43.35 2 1
mc/router/value.go:46.3,46.13 1 1
mc/router/value.go:43.35,45.4 1 1
mc/router/value.go:47.8,47.31 1 1
mc/router/value.go:47.31,49.3 1 0
mc/router/value.go:49.8,49.30 1 1
mc/router/value.go:49.30,51.3 1 1
mc/router/value.go:51.8,51.33 1 1
mc/router/value.go:51.33,53.3 1 1
mc/router/value.go:53.8,53.31 1 1
mc/router/value.go:53.31,55.3 1 1
mc/router/value.go:60.39,62.22 2 1
mc/router/value.go:95.2,95.14 1 0
mc/router/value.go:62.22,64.3 1 1
mc/router/value.go:64.8,64.30 1 1
mc/router/value.go:64.30,66.3 1 1
mc/router/value.go:66.8,66.33 1 1
mc/router/value.go:66.33,68.3 1 1
mc/router/value.go:68.8,68.31 1 1
mc/router/value.go:68.31,69.39 1 1
mc/router/value.go:77.3,77.15 1 0
mc/router/value.go:69.39,70.35 1 1
mc/router/value.go:75.4,75.15 1 1
mc/router/value.go:70.35,71.35 1 1
mc/router/value.go:71.35,73.6 1 0
mc/router/value.go:78.8,78.30 1 1
mc/router/value.go:78.30,79.37 1 1
mc/router/value.go:91.3,91.15 1 0
mc/router/value.go:79.37,80.35 1 1
mc/router/value.go:89.4,89.15 1 1
mc/router/value.go:80.35,81.43 1 1
mc/router/value.go:81.43,82.32 1 1
mc/router/value.go:82.32,84.7 1 0
mc/router/value.go:85.11,87.6 1 0
mc/router/value.go:92.8,92.31 1 1
mc/router/value.go:92.31,94.3 1 1
mc/router/value.go:98.32,105.21 2 1
mc/router/value.go:111.2,111.22 1 1
mc/router/value.go:117.2,117.12 1 1
mc/router/value.go:105.21,107.34 2 1
mc/router/value.go:107.34,109.4 1 1
mc/router/value.go:111.22,113.33 2 1
mc/router/value.go:113.33,115.4 1 1
mc/router/value.go:120.50,122.54 2 1
mc/router/value.go:162.2,162.72 1 0
mc/router/value.go:122.54,124.29 2 1
mc/router/value.go:130.3,132.24 1 1
mc/router/value.go:124.29,126.18 2 1
mc/router/value.go:126.18,128.5 1 0
mc/router/value.go:133.8,133.53 1 1
mc/router/value.go:133.53,136.30 3 1
mc/router/value.go:142.3,144.26 1 1
mc/router/value.go:136.30,138.18 2 1
mc/router/value.go:138.18,140.5 1 0
mc/router/value.go:145.8,145.43 1 1
mc/router/value.go:145.43,149.3 1 1
mc/router/value.go:149.8,149.45 1 1
mc/router/value.go:149.45,153.3 1 1
mc/router/value.go:153.8,153.41 1 1
mc/router/value.go:153.41,157.3 1 1
mc/router/value.go:157.8,157.44 1 1
mc/router/value.go:157.44,161.3 1 1
mc/router/value.go:165.33,169.2 1 0
mc/router/value.go:171.30,174.2 1 1
mc/router/value.go:176.39,180.2 1 1
mc/router/value.go:182.39,186.2 1 1
mc/router/value.go:188.35,192.2 1 1
mc/router/value.go:194.35,195.23 1 1
mc/router/value.go:221.2,221.25 1 0
mc/router/value.go:195.23,197.30 2 1
mc/router/value.go:200.3,202.30 3 1
mc/router/value.go:205.3,205.57 1 1
mc/router/value.go:197.30,199.4 1 1
mc/router/value.go:202.30,204.4 1 1
mc/router/value.go:206.8,206.31 1 1
mc/router/value.go:206.31,208.33 2 1
mc/router/value.go:211.3,211.57 1 1
mc/router/value.go:208.33,210.4 1 1
mc/router/value.go:212.8,212.31 1 1
mc/router/value.go:212.31,214.3 1 1
mc/router/value.go:214.8,214.30 1 1
mc/router/value.go:214.30,216.3 1 1
mc/router/value.go:216.8,216.33 1 1
mc/router/value.go:216.33,218.3 1 1
mc/router/value.go:218.8,218.31 1 1
mc/router/value.go:218.31,220.3 1 1
mc/router/expression.go:55.50,61.2 1 1
mc/router/expression.go:63.49,69.2 1 1
mc/router/expression.go:71.40,72.27 1 1
mc/router/expression.go:145.2,145.64 1 1
mc/router/expression.go:72.27,74.3 1 1
mc/router/expression.go:74.8,74.35 1 1
mc/router/expression.go:74.35,76.3 1 1
mc/router/expression.go:76.8,76.37 1 1
mc/router/expression.go:76.37,78.3 1 1
mc/router/expression.go:78.8,78.38 1 1
mc/router/expression.go:78.38,80.3 1 1
mc/router/expression.go:80.8,80.88 1 1
mc/router/expression.go:80.88,82.3 1 1
mc/router/expression.go:82.8,82.35 1 1
mc/router/expression.go:82.35,84.3 1 0
mc/router/expression.go:84.8,84.37 1 1
mc/router/expression.go:84.37,86.3 1 1
mc/router/expression.go:86.8,86.37 1 1
mc/router/expression.go:86.37,88.3 1 0
mc/router/expression.go:88.8,88.38 1 1
mc/router/expression.go:88.38,90.3 1 0
mc/router/expression.go:90.8,90.34 1 1
mc/router/expression.go:90.34,93.38 3 1
mc/router/expression.go:97.3,97.56 1 1
mc/router/expression.go:93.38,96.4 2 1
mc/router/expression.go:98.8,98.35 1 1
mc/router/expression.go:98.35,100.36 2 1
mc/router/expression.go:103.3,103.57 1 1
mc/router/expression.go:100.36,102.4 1 1
mc/router/expression.go:104.8,104.38 1 1
mc/router/expression.go:104.38,106.3 1 1
mc/router/expression.go:106.8,106.35 1 1
mc/router/expression.go:106.35,108.3 1 1
mc/router/expression.go:108.8,108.36 1 1
mc/router/expression.go:108.36,110.3 1 1
mc/router/expression.go:110.8,110.34 1 1
mc/router/expression.go:110.34,112.3 1 1
mc/router/expression.go:112.8,112.34 1 1
mc/router/expression.go:112.34,114.3 1 1
mc/router/expression.go:114.8,114.34 1 1
mc/router/expression.go:114.34,116.3 1 1
mc/router/expression.go:116.8,116.41 1 1
mc/router/expression.go:116.41,118.3 1 1
mc/router/expression.go:118.8,118.40 1 1
mc/router/expression.go:118.40,120.3 1 1
mc/router/expression.go:120.8,120.41 1 1
mc/router/expression.go:120.41,122.3 1 1
mc/router/expression.go:122.8,122.36 1 1
mc/router/expression.go:122.36,124.3 1 1
mc/router/expression.go:124.8,124.34 1 1
mc/router/expression.go:124.34,126.3 1 0
mc/router/expression.go:126.8,126.33 1 1
mc/router/expression.go:126.33,128.3 1 1
mc/router/expression.go:128.8,128.33 1 1
mc/router/expression.go:128.33,130.3 1 1
mc/router/expression.go:130.8,130.33 1 1
mc/router/expression.go:130.33,132.3 1 1
mc/router/expression.go:132.8,132.33 1 1
mc/router/expression.go:132.33,134.3 1 1
mc/router/expression.go:134.8,134.33 1 1
mc/router/expression.go:134.33,136.3 1 1
mc/router/expression.go:136.8,136.33 1 1
mc/router/expression.go:136.33,138.3 1 1
mc/router/expression.go:138.8,138.34 1 1
mc/router/expression.go:138.34,140.3 1 1
mc/router/expression.go:140.8,140.33 1 1
mc/router/expression.go:140.33,142.3 1 1
mc/router/expression.go:142.8,142.34 1 1
mc/router/expression.go:142.34,144.3 1 1
mc/router/expression.go:192.84,193.14 1 1
mc/router/expression.go:196.2,201.27 6 1
mc/router/expression.go:208.2,210.16 3 1
mc/router/expression.go:213.2,214.16 2 1
mc/router/expression.go:220.2,220.17 1 1
mc/router/expression.go:193.14,195.3 1 0
mc/router/expression.go:201.27,203.17 2 1
mc/router/expression.go:206.3,206.16 1 1
mc/router/expression.go:203.17,205.4 1 1
mc/router/expression.go:210.16,212.3 1 1
mc/router/expression.go:214.16,216.3 1 1
mc/router/expression.go:216.8,218.3 1 1
mc/router/lexer.go:12.47,14.16 2 1
mc/router/lexer.go:17.2,19.12 3 1
mc/router/lexer.go:14.16,16.3 1 1
mc/router/lexer.go:22.38,24.2 1 1
mc/router/parser.go:463.0,470.0 5 1
mc/router/parser.go:25.0,27.0 1 0
mc/router/parser.go:29.0,31.0 1 1
mc/router/parser.go:35.0,36.0 1 0
mc/router/parser.go:41.0,41.0 1 0
mc/router/parser.go:36.0,37.0 1 0
mc/router/parser.go:37.0,39.0 1 0
mc/router/parser.go:44.0,45.0 1 0
mc/router/parser.go:50.0,50.0 1 0
mc/router/parser.go:45.0,46.0 1 0
mc/router/parser.go:46.0,48.0 1 0
mc/router/parser.go:53.0,56.0 2 1
mc/router/parser.go:60.0,60.0 1 0
mc/router/parser.go:66.0,73.0 4 0
mc/router/parser.go:82.0,82.0 1 0
mc/router/parser.go:106.0,106.0 1 0
mc/router/parser.go:114.0,114.0 1 0
mc/router/parser.go:56.0,58.0 1 1
mc/router/parser.go:60.0,61.0 1 0
mc/router/parser.go:61.0,63.0 1 0
mc/router/parser.go:73.0,74.0 1 0
mc/router/parser.go:74.0,75.0 1 0
mc/router/parser.go:78.0,78.0 1 0
mc/router/parser.go:75.0,77.0 1 0
mc/router/parser.go:82.0,84.0 2 0
mc/router/parser.go:89.0,89.0 1 0
mc/router/parser.go:101.0,101.0 1 0
mc/router/parser.go:84.0,86.0 1 0
mc/router/parser.go:89.0,91.0 2 0
mc/router/parser.go:94.0,94.0 1 0
mc/router/parser.go:97.0,97.0 1 0
mc/router/parser.go:91.0,92.0 1 0
mc/router/parser.go:94.0,96.0 1 0
mc/router/parser.go:101.0,103.0 1 0
mc/router/parser.go:106.0,107.0 1 0
mc/router/parser.go:112.0,112.0 1 0
mc/router/parser.go:107.0,109.0 1 0
mc/router/parser.go:109.0,111.0 1 0
mc/router/parser.go:117.0,120.0 3 1
mc/router/parser.go:124.0,124.0 1 1
mc/router/parser.go:128.0,128.0 1 1
mc/router/parser.go:134.0,134.0 1 0
mc/router/parser.go:143.0,143.0 1 1
mc/router/parser.go:146.0,146.0 1 1
mc/router/parser.go:149.0,149.0 1 1
mc/router/parser.go:120.0,122.0 2 1
mc/router/parser.go:124.0,126.0 2 1
mc/router/parser.go:128.0,129.0 1 1
mc/router/parser.go:129.0,131.0 2 1
mc/router/parser.go:134.0,136.0 2 0
mc/router/parser.go:136.0,138.0 2 0
mc/router/parser.go:143.0,145.0 1 0
mc/router/parser.go:146.0,148.0 1 0
mc/router/parser.go:152.0,154.0 1 1
mc/router/parser.go:156.0,168.0 11 1
mc/router/parser.go:174.0,175.0 2 1
mc/router/parser.go:178.0,180.0 2 1
mc/router/parser.go:181.0,183.0 2 1
mc/router/parser.go:185.0,185.0 1 1
mc/router/parser.go:189.0,190.0 2 1
mc/router/parser.go:195.0,198.0 3 1
mc/router/parser.go:199.0,200.0 2 1
mc/router/parser.go:203.0,203.0 1 1
mc/router/parser.go:206.0,207.0 2 1
mc/router/parser.go:210.0,211.0 2 1
mc/router/parser.go:224.0,225.0 2 1
mc/router/parser.go:249.0,249.0 1 1
mc/router/parser.go:297.0,297.0 1 1
mc/router/parser.go:301.0,308.0 5 1
mc/router/parser.go:313.0,320.0 5 1
mc/router/parser.go:329.0,329.0 1 1
mc/router/parser.go:462.0,462.0 1 1
mc/router/parser.go:168.0,173.0 3 1
mc/router/parser.go:185.0,187.0 1 0
mc/router/parser.go:190.0,194.0 3 1
mc/router/parser.go:200.0,201.0 1 1
mc/router/parser.go:203.0,205.0 1 1
mc/router/parser.go:207.0,208.0 1 1
mc/router/parser.go:211.0,216.0 5 1
mc/router/parser.go:219.0,219.0 1 1
mc/router/parser.go:216.0,218.0 1 0
mc/router/parser.go:225.0,226.0 1 1
mc/router/parser.go:231.0,232.0 2 1
mc/router/parser.go:238.0,238.0 1 1
mc/router/parser.go:244.0,245.0 2 1
mc/router/parser.go:226.0,228.0 1 0
mc/router/parser.go:232.0,233.0 1 1
mc/router/parser.go:236.0,236.0 1 0
mc/router/parser.go:233.0,234.0 1 1
mc/router/parser.go:238.0,240.0 2 1
mc/router/parser.go:240.0,241.0 1 1
mc/router/parser.go:245.0,246.0 1 1
mc/router/parser.go:249.0,251.0 1 1
mc/router/parser.go:252.0,255.0 3 1
mc/router/parser.go:259.0,259.0 1 1
mc/router/parser.go:261.0,265.0 2 1
mc/router/parser.go:281.0,281.0 1 1
mc/router/parser.go:283.0,284.0 1 0
mc/router/parser.go:287.0,287.0 1 0
mc/router/parser.go:290.0,292.0 3 0
mc/router/parser.go:255.0,258.0 2 0
mc/router/parser.go:265.0,267.0 2 1
mc/router/parser.go:275.0,275.0 1 1
mc/router/parser.go:278.0,278.0 1 1
mc/router/parser.go:267.0,269.0 2 1
mc/router/parser.go:269.0,270.0 1 0
mc/router/parser.go:275.0,277.0 1 0
mc/router/parser.go:284.0,286.0 1 0
mc/router/parser.go:287.0,288.0 1 0
mc/router/parser.go:297.0,299.0 1 0
mc/router/parser.go:308.0,312.0 3 0
mc/router/parser.go:320.0,322.0 1 0
mc/router/parser.go:322.0,324.0 2 1
mc/router/parser.go:324.0,326.0 1 1
mc/router/parser.go:331.0,51.0 2 1
mc/router/parser.go:58.0,59.0 2 1
mc/router/parser.go:66.0,67.0 2 1
mc/router/parser.go:75.0,76.0 2 1
mc/router/parser.go:87.0,89.0 2 1
mc/router/parser.go:92.0,93.0 2 0
mc/router/parser.go:96.0,98.0 2 1
mc/router/parser.go:103.0,104.0 2 0
mc/router/parser.go:109.0,111.0 2 1
mc/router/parser.go:116.0,117.0 2 1
mc/router/parser.go:122.0,123.0 2 1
mc/router/parser.go:128.0,129.0 2 1
mc/router/parser.go:135.0,136.0 2 1
mc/router/parser.go:142.0,145.0 2 1
mc/router/parser.go:148.0,149.0 2 1
mc/router/parser.go:152.0,154.0 2 1
mc/router/parser.go:157.0,158.0 2 1
mc/router/parser.go:163.0,164.0 2 1
mc/router/parser.go:169.0,170.0 2 1
mc/router/parser.go:175.0,176.0 2 1
mc/router/parser.go:181.0,182.0 2 1
mc/router/parser.go:187.0,188.0 2 1
mc/router/parser.go:193.0,194.0 2 1
mc/router/parser.go:199.0,200.0 2 1
mc/router/parser.go:205.0,206.0 2 1
mc/router/parser.go:209.0,210.0 2 1
mc/router/parser.go:213.0,215.0 2 1
mc/router/parser.go:221.0,222.0 2 1
mc/router/parser.go:227.0,228.0 2 1
mc/router/parser.go:233.0,234.0 2 1
mc/router/parser.go:237.0,238.0 2 1
mc/router/parser.go:241.0,242.0 2 0
mc/router/parser.go:249.0,250.0 2 1
mc/router/parser.go:255.0,256.0 2 1
mc/router/parser.go:261.0,262.0 2 1
mc/router/parser.go:267.0,268.0 2 1
mc/router/parser.go:273.0,274.0 2 1
mc/router/parser.go:277.0,278.0 2 1
mc/router/parser.go:281.0,282.0 2 1
mc/router/parser.go:287.0,288.0 2 1
mc/router/parser.go:293.0,294.0 2 1
mc/router/parser.go:299.0,300.0 2 1
mc/router/parser.go:305.0,306.0 2 1
mc/router/parser.go:311.0,312.0 2 0
mc/router/parser.go:317.0,318.0 2 0
mc/router/parser.go:323.0,324.0 2 1
mc/router/parser.go:329.0,330.0 2 1
mc/router/parser.go:335.0,336.0 2 1
mc/router/parser.go:341.0,342.0 2 1
mc/router/parser.go:347.0,348.0 2 1
mc/router/parser.go:353.0,354.0 2 1
mc/router/parser.go:359.0,360.0 2 1
mc/router/parser.go:365.0,366.0 2 1
mc/router/parser.go:371.0,372.0 2 1
mc/router/parser.go:377.0,378.0 2 1
mc/router/parser.go:383.0,384.0 2 1
mc/router/parser.go:389.0,391.0 2 1
mc/router/parser.go:398.0,399.0 2 1
mc/router/parser.go:407.0,409.0 2 1
mc/router/parser.go:414.0,415.0 2 1
mc/router/parser.go:421.0,423.0 2 1
mc/router/parser.go:428.0,429.0 2 1
mc/router/parser.go:434.0,435.0 2 1
mc/router/parser.go:438.0,440.0 2 1
mc/router/parser.go:445.0,446.0 2 0
mc/router/parser.go:451.0,452.0 2 1
mc/router/parser.go:456.0,457.0 2 1
mc/router/parser.go:51.0,54.0 2 1
mc/router/parser.go:54.0,56.0 1 1
mc/router/parser.go:59.0,62.0 2 1
mc/router/parser.go:62.0,64.0 1 1
mc/router/parser.go:67.0,69.0 2 1
mc/router/parser.go:69.0,73.0 1 1
mc/router/parser.go:76.0,79.0 2 1
mc/router/parser.go:79.0,85.0 1 1
mc/router/parser.go:89.0,91.0 1 1
mc/router/parser.go:93.0,95.0 1 0
mc/router/parser.go:98.0,102.0 1 1
mc/router/parser.go:104.0,108.0 1 0
mc/router/parser.go:111.0,115.0 1 1
mc/router/parser.go:117.0,121.0 1 1
mc/router/parser.go:123.0,127.0 1 1
mc/router/parser.go:129.0,134.0 1 1
mc/router/parser.go:136.0,141.0 1 1
mc/router/parser.go:145.0,147.0 1 1
mc/router/parser.go:149.0,151.0 1 1
mc/router/parser.go:154.0,156.0 1 1
mc/router/parser.go:158.0,162.0 1 1
mc/router/parser.go:164.0,168.0 1 1
mc/router/parser.go:170.0,174.0 1 1
mc/router/parser.go:176.0,180.0 1 1
mc/router/parser.go:182.0,186.0 1 1
mc/router/parser.go:188.0,192.0 1 1
mc/router/parser.go:194.0,198.0 1 1
mc/router/parser.go:200.0,204.0 1 1
mc/router/parser.go:206.0,208.0 1 1
mc/router/parser.go:210.0,212.0 1 1
mc/router/parser.go:215.0,220.0 2 1
mc/router/parser.go:222.0,226.0 1 1
mc/router/parser.go:228.0,232.0 1 1
mc/router/parser.go:234.0,236.0 1 1
mc/router/parser.go:238.0,240.0 1 1
mc/router/parser.go:242.0,248.0 1 0
mc/router/parser.go:250.0,254.0 1 1
mc/router/parser.go:256.0,260.0 1 1
mc/router/parser.go:262.0,266.0 1 1
mc/router/parser.go:268.0,272.0 1 1
mc/router/parser.go:274.0,276.0 1 1
mc/router/parser.go:278.0,280.0 1 1
mc/router/parser.go:282.0,286.0 1 1
mc/router/parser.go:288.0,292.0 1 1
mc/router/parser.go:294.0,298.0 1 1
mc/router/parser.go:300.0,304.0 1 1
mc/router/parser.go:306.0,310.0 1 1
mc/router/parser.go:312.0,316.0 1 0
mc/router/parser.go:318.0,322.0 1 0
mc/router/parser.go:324.0,328.0 1 1
mc/router/parser.go:330.0,334.0 1 1
mc/router/parser.go:336.0,340.0 1 1
mc/router/parser.go:342.0,346.0 1 1
mc/router/parser.go:348.0,352.0 1 1
mc/router/parser.go:354.0,358.0 1 1
mc/router/parser.go:360.0,364.0 1 1
mc/router/parser.go:366.0,370.0 1 1
mc/router/parser.go:372.0,376.0 1 1
mc/router/parser.go:378.0,382.0 1 1
mc/router/parser.go:384.0,388.0 1 1
mc/router/parser.go:391.0,397.0 1 1
mc/router/parser.go:399.0,406.0 2 1
mc/router/parser.go:409.0,413.0 1 1
mc/router/parser.go:415.0,420.0 2 1
mc/router/parser.go:423.0,427.0 1 1
mc/router/parser.go:429.0,433.0 1 1
mc/router/parser.go:435.0,437.0 1 1
mc/router/parser.go:440.0,444.0 1 1
mc/router/parser.go:446.0,450.0 1 0
mc/router/parser.go:452.0,455.0 2 1
mc/router/parser.go:457.0,460.0 2 1
mc/router/router.go:12.27,16.2 1 1
mc/router/router.go:18.35,20.2 1 1
mc/router/router.go:22.49,25.2 2 1
mc/router/router.go:27.38,30.2 2 0
mc/router/router.go:32.95,33.30 1 1
mc/router/router.go:33.30,34.28 1 1
mc/router/router.go:34.28,36.18 2 1
mc/router/router.go:36.18,38.5 1 1
mc/router/router.go:38.10,38.28 1 1
mc/router/router.go:38.28,42.5 2 1
mc/router/scanner.go:69.41,71.2 1 1
mc/router/scanner.go:73.67,76.25 3 1
mc/router/scanner.go:95.2,95.8 1 1
mc/router/scanner.go:77.20,79.39 2 1
mc/router/scanner.go:84.19,85.36 1 1
mc/router/scanner.go:86.17,87.36 1 1
mc/router/scanner.go:89.43,90.26 1 1
mc/router/scanner.go:92.10,93.25 1 1
mc/router/scanner.go:79.39,81.4 1 1
mc/router/scanner.go:81.9,83.4 1 1
mc/router/scanner.go:100.29,102.2 1 1
mc/router/scanner.go:104.28,106.2 1 1
mc/router/scanner.go:108.33,110.2 1 1
mc/router/scanner.go:112.36,113.19 1 1
mc/router/scanner.go:113.19,115.3 1 1
mc/router/scanner.go:115.8,117.3 1 1
mc/router/scanner.go:120.31,121.19 1 1
mc/router/scanner.go:121.19,122.23 1 1
mc/router/scanner.go:126.3,126.13 1 1
mc/router/scanner.go:122.23,125.4 2 0
mc/router/scanner.go:130.40,132.2 1 1
mc/router/scanner.go:134.44,136.2 1 1
mc/router/scanner.go:138.41,139.29 1 1
mc/router/scanner.go:139.29,141.3 1 1
mc/router/scanner.go:144.48,146.46 2 1
mc/router/scanner.go:150.2,150.20 1 1
mc/router/scanner.go:146.46,149.3 2 1
mc/router/scanner.go:154.48,156.14 2 1
mc/router/scanner.go:168.2,168.20 1 0
mc/router/scanner.go:156.14,158.3 1 1
mc/router/scanner.go:158.8,158.40 1 1
mc/router/scanner.go:158.40,162.51 4 1
mc/router/scanner.go:166.3,166.18 1 1
mc/router/scanner.go:162.51,165.4 2 1
mc/router/scanner.go:171.49,173.41 2 1
mc/router/scanner.go:187.2,187.28 1 1
mc/router/scanner.go:173.41,176.22 2 1
mc/router/scanner.go:176.22,178.17 2 1
mc/router/scanner.go:178.17,180.5 1 1
mc/router/scanner.go:180.10,180.24 1 1
mc/router/scanner.go:180.24,182.5 1 1
mc/router/scanner.go:182.10,182.24 1 1
mc/router/scanner.go:182.24,184.5 1 1
mc/router/scanner.go:190.44,193.60 3 1
mc/router/scanner.go:200.2,201.20 2 1
mc/router/scanner.go:193.60,195.22 2 1
mc/router/scanner.go:198.3,198.11 1 1
mc/router/scanner.go:195.22,197.4 1 1
mc/router/scanner.go:204.44,207.67 3 1
mc/router/scanner.go:211.2,212.20 2 1
mc/router/scanner.go:207.67,210.3 2 1
mc/router/statement.go:39.53,46.28 3 1
mc/router/statement.go:57.2,57.16 1 1
mc/router/statement.go:46.28,47.26 1 1
mc/router/statement.go:47.26,51.4 1 1
mc/router/statement.go:51.9,51.35 1 1
mc/router/statement.go:51.35,55.4 1 1
mc/router/statement.go:60.121,62.16 2 1
mc/router/statement.go:65.2,69.25 5 1
mc/router/statement.go:89.2,92.22 4 1
mc/router/statement.go:106.2,106.27 1 1
mc/router/statement.go:166.2,166.56 1 0
mc/router/statement.go:62.16,64.3 1 1
mc/router/statement.go:69.25,73.3 3 0
mc/router/statement.go:73.8,73.41 1 1
mc/router/statement.go:73.41,77.3 3 1
mc/router/statement.go:77.8,77.72 1 1
mc/router/statement.go:77.72,81.3 3 1
mc/router/statement.go:81.8,81.29 1 1
mc/router/statement.go:81.29,85.3 3 1
mc/router/statement.go:85.8,87.3 1 0
mc/router/statement.go:92.22,93.18 1 1
mc/router/statement.go:93.18,97.4 2 1
mc/router/statement.go:97.9,97.26 1 1
mc/router/statement.go:97.26,101.4 2 1
mc/router/statement.go:101.9,104.4 1 0
mc/router/statement.go:106.27,107.25 1 1
mc/router/statement.go:107.25,108.30 1 1
mc/router/statement.go:111.4,111.28 1 1
mc/router/statement.go:108.30,110.5 1 0
mc/router/statement.go:111.28,113.20 2 1
mc/router/statement.go:113.20,117.6 2 1
mc/router/statement.go:117.11,117.28 1 1
mc/router/statement.go:117.28,121.6 2 1
mc/router/statement.go:121.11,124.6 1 0
mc/router/statement.go:125.10,125.60 1 1
mc/router/statement.go:125.60,128.5 2 1
mc/router/statement.go:128.10,130.5 1 0
mc/router/statement.go:131.9,131.33 1 1
mc/router/statement.go:131.33,132.31 1 1
mc/router/statement.go:135.4,136.18 2 1
mc/router/statement.go:139.4,139.27 1 1
mc/router/statement.go:142.4,143.59 2 1
mc/router/statement.go:146.4,146.28 1 1
mc/router/statement.go:132.31,134.5 1 0
mc/router/statement.go:136.18,138.5 1 0
mc/router/statement.go:139.27,141.5 1 0
mc/router/statement.go:143.59,145.5 1 0
mc/router/statement.go:146.28,148.20 2 1
mc/router/statement.go:148.20,152.6 2 1
mc/router/statement.go:152.11,152.28 1 1
mc/router/statement.go:152.28,156.6 2 1
mc/router/statement.go:156.11,159.6 1 0
mc/router/statement.go:160.10,163.5 2 1
mc/router/statement.go:169.80,174.2 1 1
mc/router/statement.go:175.55,179.2 1 1
mc/router/statement.go:180.52,184.2 1 1
mc/router/statement.go:186.39,187.27 1 1
mc/router/statement.go:198.2,198.35 1 1
mc/router/statement.go:187.27,189.40 2 1
mc/router/statement.go:196.3,196.64 1 1
mc/router/statement.go:189.40,190.26 1 1
mc/router/statement.go:190.26,192.5 1 1
mc/router/statement.go:192.10,192.34 1 1
mc/router/statement.go:192.34,194.5 1 1
mc/router/statement.go:201.101,203.27 2 1
mc/router/statement.go:231.2,231.55 1 0
mc/router/statement.go:203.27,205.3 1 1
mc/router/statement.go:205.8,205.35 1 1
mc/router/statement.go:205.35,207.27 2 1
mc/router/statement.go:212.3,212.30 1 1
mc/router/statement.go:215.3,216.25 2 1
mc/router/statement.go:207.27,208.38 1 1
mc/router/statement.go:208.38,210.5 1 0
mc/router/statement.go:212.30,214.4 1 0
mc/router/statement.go:217.8,217.34 1 1
mc/router/statement.go:217.34,219.27 2 1
mc/router/statement.go:225.3,225.30 1 1
mc/router/statement.go:229.3,229.82 1 0
mc/router/statement.go:219.27,220.38 1 1
mc/router/statement.go:220.38,223.5 2 1
mc/router/statement.go:225.30,228.4 2 1
mc/router/handlers.go:10.110,14.19 3 0
mc/router/handlers.go:17.2,17.65 1 0
mc/router/handlers.go:14.19,16.3 1 0
mc/router/handlers.go:19.113,20.21 1 1
mc/router/handlers.go:23.2,23.21 1 1
mc/router/handlers.go:20.21,22.3 1 1
mc/router/handlers.go:25.110,27.2 1 1
mc/router/handlers.go:28.109,31.36 2 1
mc/router/handlers.go:34.2,36.23 1 1
mc/router/handlers.go:31.36,33.3 1 1
mc/router/handlers.go:38.110,42.2 1 1
mc/router/handlers.go:43.112,45.39 2 1
mc/router/handlers.go:48.2,48.73 1 1
mc/router/handlers.go:45.39,47.3 1 1
mc/router/handlers.go:50.113,52.39 2 1
mc/router/handlers.go:55.2,55.34 1 1
mc/router/handlers.go:52.39,54.3 1 1
mc/router/handlers.go:57.115,59.39 2 1
mc/router/handlers.go:64.2,64.95 1 0
mc/router/handlers.go:59.39,60.15 1 1
mc/router/handlers.go:60.15,62.4 1 1
mc/router/handlers.go:72.109,74.33 2 1
mc/router/handlers.go:77.2,77.26 1 1
mc/router/handlers.go:82.2,82.48 1 1
mc/router/handlers.go:85.2,85.79 1 1
mc/router/handlers.go:74.33,76.3 1 0
mc/router/handlers.go:77.26,78.50 1 1
mc/router/handlers.go:78.50,80.4 1 1
mc/router/handlers.go:82.48,84.3 1 1
mc/router/handlers.go:87.109,89.2 1 1
mc/router/handlers.go:90.110,92.2 1 1
mc/router/handlers.go:93.112,95.2 1 1
mc/router/handlers.go:96.111,98.16 2 1
mc/router/handlers.go:101.2,101.36 1 1
mc/router/handlers.go:98.16,100.3 1 0
mc/router/handlers.go:103.112,104.47 1 1
mc/router/handlers.go:107.2,107.70 1 1
mc/router/handlers.go:104.47,106.3 1 0
mc/router/handlers.go:109.119,111.2 1 1
mc/router/handlers.go:112.112,114.2 1 1
mc/router/handlers.go:115.115,117.2 1 1
mc/router/handlers.go:118.113,122.2 1 1
mc/router/handlers.go:123.112,125.35 2 1
mc/router/handlers.go:128.2,130.20 1 1
mc/router/handlers.go:125.35,127.3 1 1
mc/router/handlers.go:132.112,134.2 1 1
mc/router/handlers.go:135.112,137.2 1 1
mc/router/handlers.go:138.118,141.50 2 1
mc/router/handlers.go:144.2,144.34 1 1
mc/router/handlers.go:141.50,143.3 1 1
mc/router/handlers.go:146.112,147.34 1 1
mc/router/handlers.go:150.2,150.61 1 1
mc/router/handlers.go:147.34,149.3 1 1
mc/router/handlers.go:152.112,154.2 1 1
mc/router/handlers.go:155.112,157.2 1 1
mc/router/handlers.go:158.112,160.2 1 1
mc/router/handlers.go:161.111,163.2 1 1
mc/router/handlers.go:164.111,166.2 1 1
mc/router/handlers.go:167.114,169.2 1 1
mc/router/handlers.go:170.111,172.2 1 1
mc/router/handlers.go:173.114,175.2 1 1
mc/router/handlers.go:176.108,178.2 1 1
mc/router/handlers.go:179.108,181.2 1 1
mc/router/handlers.go:182.112,184.2 1 1
mc/router/handlers.go:185.115,187.2 1 1
mc/router/handlers.go:188.112,190.2 1 1
mc/router/handlers.go:191.115,193.2 1 1
mc/router/handlers.go:194.112,196.2 1 1
mc/router/handlers.go:197.113,199.2 1 1
mc/router/handlers.go:200.113,202.2 1 1
mc/router/node.go:13.34,15.2 1 0
mc/router/route.go:15.36,16.52 1 1
mc/router/route.go:24.2,24.51 1 1
mc/router/route.go:16.52,18.35 2 1
mc/router/route.go:21.3,22.65 2 1
mc/router/route.go:18.35,20.4 1 1
mc/router/route.go:27.84,30.16 2 1
mc/router/route.go:33.2,33.26 1 1
mc/router/route.go:36.2,40.34 2 1
mc/router/route.go:54.2,55.65 2 1
mc/router/route.go:58.2,58.75 1 0
mc/router/route.go:30.16,32.3 1 0
mc/router/route.go:33.26,35.3 1 0
mc/router/route.go:40.34,42.17 2 1
mc/router/route.go:46.3,46.22 1 1
mc/router/route.go:50.3,51.18 2 1
mc/router/route.go:42.17,45.4 2 1
mc/router/route.go:46.22,48.4 1 1
mc/router/route.go:55.65,57.3 1 1
mc/router/signatures.go:14.74,15.25 1 1
mc/router/signatures.go:18.2,18.41 1 1
mc/router/signatures.go:37.2,37.12 1 1
mc/router/signatures.go:15.25,17.3 1 1
mc/router/signatures.go:18.41,19.24 1 1
mc/router/signatures.go:19.24,20.59 1 1
mc/router/signatures.go:23.4,23.36 1 1
mc/router/signatures.go:20.59,22.5 1 1
mc/router/signatures.go:23.36,26.28 3 1
mc/router/signatures.go:31.5,31.11 1 1
mc/router/signatures.go:26.28,27.61 1 1
mc/router/signatures.go:27.61,29.7 1 1
mc/router/signatures.go:31.11,33.6 1 1
